<?xml version="1.0" encoding="UTF-8"?>
<!-- Generated by org.testng.reporters.JUnitXMLReporter -->
<testsuite ignored="2" hostname="DESKTOP-ORVEKOM" failures="0" tests="1" name="Default test" time="5.352" errors="0" timestamp="2025-05-16T18:14:13 GMT+03:00">
  <testcase classname="Database.Database.AppTest" name="ReadDatabaseAndRegister" time="0.274"/>
  <testcase classname="Database.Database.AppTest" name="UpdateDatabase" time="0.0">
    <ignored/>
  </testcase> <!-- UpdateDatabase -->
  <testcase classname="Database.Database.AppTest" name="InsertIntoDatabase" time="0.0">
    <ignored/>
  </testcase> <!-- InsertIntoDatabase -->
</testsuite> <!-- Default test -->
