<?xml version="1.0" encoding="UTF-8"?>
<testng-results ignored="3" total="4" passed="1" failed="0" skipped="0">
  <reporter-output>
  </reporter-output>
  <suite started-at="2025-05-16T18:26:15 GMT+03:00" name="Default suite" finished-at="2025-05-16T18:26:19 GMT+03:00" duration-ms="4506">
    <groups>
    </groups>
    <test started-at="2025-05-16T18:26:15 GMT+03:00" name="Default test" finished-at="2025-05-16T18:26:19 GMT+03:00" duration-ms="4506">
      <class name="Database.Database.AppTest">
        <test-method is-config="true" signature="MySetup()[pri:0, instance:Database.Database.AppTest@542e560f]" started-at="2025-05-16T18:26:15 GMT+03:00" name="MySetup" finished-at="2025-05-16T18:26:19 GMT+03:00" duration-ms="4211" status="PASS">
          <reporter-output>
          </reporter-output>
        </test-method> <!-- MySetup -->
        <test-method signature="ReadDatabaseAndRegister()[pri:4, instance:Database.Database.AppTest@542e560f]" started-at="2025-05-16T18:26:19 GMT+03:00" name="ReadDatabaseAndRegister" finished-at="2025-05-16T18:26:19 GMT+03:00" duration-ms="267" status="PASS">
          <reporter-output>
          </reporter-output>
        </test-method> <!-- ReadDatabaseAndRegister -->
      </class> <!-- Database.Database.AppTest -->
    </test> <!-- Default test -->
  </suite> <!-- Default suite -->
</testng-results>
